<?xml version="1.0" encoding="UTF-8"?>
<!-- Generated by org.testng.reporters.JUnitReportReporter -->
<testsuite hostname="DESKTOP-KNNMAAG" failures="0" tests="3" name="test.TestNG_4th" time="0.003" errors="0" timestamp="2024-10-30T12:31:27 SAST" skipped="0">
  <testcase classname="test.TestNG_4th" name="HomeLogin_mobile" time="0.001"/>
  <system-out/>
  <testcase classname="test.TestNG_4th" name="HomeLogin_API" time="0.001"/>
  <system-out/>
  <testcase classname="test.TestNG_4th" name="HomeLogin_web" time="0.001"/>
  <system-out/>
</testsuite> <!-- test.TestNG_4th -->
