<?xml version="1.0" encoding="UTF-8"?>
<!-- Generated by org.testng.reporters.JUnitReportReporter -->
<testsuite hostname="DESKTOP-KNNMAAG" failures="0" tests="2" name="TestNG_First" time="0.012" errors="0" timestamp="2024-04-13T09:33:19 SAST" skipped="0">
  <testcase classname="TestNG_First" name="Demo" time="0.010"/>
  <system-out/>
  <testcase classname="TestNG_First" name="Demo1" time="0.002"/>
  <system-out/>
</testsuite> <!-- TestNG_First -->
