<?xml version="1.0" encoding="UTF-8"?>
<!-- Generated by org.testng.reporters.JUnitReportReporter -->
<testsuite hostname="DESKTOP-KNNMAAG" failures="0" tests="2" name="test.TestNG_3rd" time="0.010" errors="0" timestamp="2024-10-30T12:31:27 SAST" skipped="0">
  <testcase classname="test.TestNG_3rd" name="mobile1" time="0.005"/>
  <system-out/>
  <testcase classname="test.TestNG_3rd" name="mobile2" time="0.005"/>
  <system-out/>
</testsuite> <!-- test.TestNG_3rd -->
