<?xml version="1.0" encoding="UTF-8"?>
<!-- Generated by org.testng.reporters.JUnitReportReporter -->
<testsuite hostname="DESKTOP-KNNMAAG" failures="0" tests="1" name="TestNG_2nd" time="0.011" errors="0" timestamp="2024-04-13T09:33:09 SAST" skipped="0">
  <testcase classname="TestNG_2nd" name="Demo" time="0.011"/>
  <system-out/>
</testsuite> <!-- TestNG_2nd -->
