<?xml version="1.0" encoding="UTF-8"?>
<!-- Generated by org.testng.reporters.JUnitReportReporter -->
<testsuite hostname="DESKTOP-KNNMAAG" failures="0" tests="1" name="test.TestNG_2nd" time="0.002" errors="0" timestamp="2024-10-30T12:31:27 SAST" skipped="0">
  <testcase classname="test.TestNG_2nd" name="Demo" time="0.002"/>
  <system-out/>
</testsuite> <!-- test.TestNG_2nd -->
